[debug] [2022-03-08T21:51:00.485Z] ----------------------------------------------------------------------
[debug] [2022-03-08T21:51:00.487Z] Command:       C:\Program Files\nodejs\node.exe C:\Users\PRINCE\AppData\Roaming\npm\node_modules\firebase-tools\lib\bin\firebase.js init
[debug] [2022-03-08T21:51:00.488Z] CLI Version:   10.2.2
[debug] [2022-03-08T21:51:00.488Z] Platform:      win32
[debug] [2022-03-08T21:51:00.488Z] Node Version:  v14.17.1
[debug] [2022-03-08T21:51:00.489Z] Time:          Wed Mar 09 2022 03:51:00 GMT+0600 (Bangladesh Standard Time)
[debug] [2022-03-08T21:51:00.489Z] ----------------------------------------------------------------------
[debug] 
[debug] [2022-03-08T21:51:00.493Z] >>> [apiv2][query] GET https://firebase-public.firebaseio.com/cli.json [none]
[debug] [2022-03-08T21:51:00.522Z] > command requires scopes: ["email","openid","https://www.googleapis.com/auth/cloudplatformprojects.readonly","https://www.googleapis.com/auth/firebase","https://www.googleapis.com/auth/cloud-platform"]
[debug] [2022-03-08T21:51:00.523Z] > authorizing via signed-in user (arjnry125@gmail.com)
[info] 
     ######## #### ########  ######## ########     ###     ######  ########
     ##        ##  ##     ## ##       ##     ##  ##   ##  ##       ##
     ######    ##  ########  ######   ########  #########  ######  ######
     ##        ##  ##    ##  ##       ##     ## ##     ##       ## ##
     ##       #### ##     ## ######## ########  ##     ##  ######  ########

You're about to initialize a Firebase project in this directory:

  C:\create-react-app\job-assignments\job-assignments

Before we get started, keep in mind:

  * You are currently outside your home directory

